TN:
SF:/home/silent/git/StandaloneApplications/flappyshape/static/play/scripts/core/AbstractMatterBody.js
FN:7,AbstractMatterBody
FN:22,get
FN:33,get
FNF:3
FNH:2
FNDA:0,AbstractMatterBody
FNDA:2,get
FNDA:2,get
DA:13,0
DA:20,1
DA:23,2
DA:31,1
DA:34,2
DA:47,1
LF:6
LH:5
BRF:0
BRH:0
end_of_record
TN:
SF:/home/silent/git/StandaloneApplications/flappyshape/static/play/scripts/core/Controls.js
FN:24,Controls
FN:30,touchstart
FN:38,keydown
FN:47,touchend
FN:55,keyup
FNF:5
FNH:1
FNDA:1,Controls
FNDA:0,touchstart
FNDA:0,keydown
FNDA:0,touchend
FNDA:0,keyup
DA:3,1
DA:25,1
DA:27,1
DA:31,0
DA:34,1
DA:35,1
DA:39,0
DA:40,0
DA:44,1
DA:48,0
DA:51,1
DA:52,1
DA:56,0
DA:57,0
DA:61,1
DA:64,1
DA:65,1
DA:67,1
LF:18
LH:12
BRDA:39,0,0,0
BRDA:39,0,1,0
BRDA:56,1,0,0
BRDA:56,1,1,0
BRF:4
BRH:0
end_of_record
TN:
SF:/home/silent/git/StandaloneApplications/flappyshape/static/play/scripts/core/FlappyShape.js
FN:18,FlappyShape
FN:40,render
FNF:2
FNH:2
FNDA:2,FlappyShape
FNDA:1,render
DA:3,1
DA:5,1
DA:23,2
DA:25,2
DA:28,1
DA:29,1
DA:39,1
DA:41,1
DA:42,1
DA:43,1
DA:44,1
DA:45,1
DA:46,1
DA:47,1
DA:48,1
DA:49,1
DA:52,1
LF:17
LH:17
BRF:0
BRH:0
end_of_record
TN:
SF:/home/silent/git/StandaloneApplications/flappyshape/static/play/scripts/core/Game.js
FN:16,Game
FN:45,render
FNF:2
FNH:2
FNDA:1,Game
FNDA:1,render
DA:3,1
DA:5,1
DA:7,1
DA:8,1
DA:9,1
DA:17,1
DA:19,1
DA:21,1
DA:25,1
DA:29,1
DA:38,1
DA:41,1
DA:42,1
DA:44,1
DA:48,1
DA:50,1
DA:52,1
DA:53,1
DA:56,1
DA:58,1
DA:59,1
DA:63,1
LF:22
LH:22
BRDA:56,0,0,1
BRDA:56,0,1,1
BRF:2
BRH:2
end_of_record
TN:
SF:/home/silent/git/StandaloneApplications/flappyshape/static/play/scripts/core/Pipe.js
FN:18,Pipe
FN:46,render
FNF:2
FNH:2
FNDA:1,Pipe
FNDA:1,render
DA:3,1
DA:5,1
DA:23,1
DA:29,1
DA:31,1
DA:34,1
DA:35,1
DA:45,1
DA:47,1
DA:57,1
LF:10
LH:10
BRF:0
BRH:0
end_of_record
TN:
SF:/home/silent/git/StandaloneApplications/flappyshape/static/play/scripts/index.js
FN:16,(anonymous_0)
FN:23,ontouchstart
FN:31,ontouchend
FN:38,onupdate
FN:53,onrender
FN:61,onresize
FNF:6
FNH:2
FNDA:2,(anonymous_0)
FNDA:0,ontouchstart
FNDA:0,ontouchend
FNDA:0,onupdate
FNDA:1,onrender
FNDA:0,onresize
DA:3,1
DA:4,1
DA:5,1
DA:7,1
DA:8,1
DA:9,1
DA:10,1
DA:12,1
DA:13,1
DA:15,1
DA:17,2
DA:20,1
DA:22,1
DA:24,0
DA:25,0
DA:26,0
DA:30,1
DA:32,0
DA:33,0
DA:37,1
DA:39,0
DA:40,0
DA:42,0
DA:48,0
DA:49,0
DA:52,1
DA:54,1
DA:55,1
DA:58,1
DA:60,1
DA:62,0
DA:64,0
DA:70,1
LF:33
LH:21
BRDA:24,0,0,0
BRDA:24,0,1,0
BRDA:24,1,0,0
BRDA:24,1,1,0
BRDA:32,2,0,0
BRDA:32,2,1,0
BRDA:39,3,0,0
BRDA:39,3,1,0
BRDA:54,4,0,1
BRDA:54,4,1,1
BRF:10
BRH:2
end_of_record
TN:
SF:/home/silent/git/StandaloneApplications/flappyshape/static/play/scripts/objects/renderer.js
FNF:0
FNH:0
DA:3,1
DA:4,1
DA:6,1
LF:3
LH:3
BRF:0
BRH:0
end_of_record
TN:
SF:/home/silent/git/StandaloneApplications/flappyshape/static/play/scripts/objects/ticker.js
FNF:0
FNH:0
DA:3,1
DA:5,1
LF:2
LH:2
BRF:0
BRH:0
end_of_record
TN:
SF:/home/silent/git/StandaloneApplications/flappyshape/static/play/scripts/objects/engine.js
FNF:0
FNH:0
DA:3,1
DA:5,1
LF:2
LH:2
BRF:0
BRH:0
end_of_record
TN:
SF:/home/silent/git/StandaloneApplications/flappyshape/static/play/scripts/objects/game.js
FNF:0
FNH:0
DA:3,1
DA:5,1
LF:2
LH:2
BRF:0
BRH:0
end_of_record
TN:
SF:/home/silent/git/StandaloneApplications/flappyshape/shared/constants.js
FNF:0
FNH:0
DA:7,1
LF:1
LH:1
BRF:0
BRH:0
end_of_record
TN:
SF:/home/silent/git/StandaloneApplications/flappyshape/shared/generate_Pipe.js
FN:17,generate
FNF:1
FNH:1
FNDA:1,generate
DA:18,1
DA:25,1
LF:2
LH:2
BRF:0
BRH:0
end_of_record
