TN:
SF:/home/silent/git/standalone/flappyshape/static/home/scripts/core/Controls.js
FN:24,Controls
FN:30,touchstart
FN:38,keydown
FN:47,touchend
FN:55,keyup
FNF:5
FNH:1
FNDA:1,Controls
FNDA:0,touchstart
FNDA:0,keydown
FNDA:0,touchend
FNDA:0,keyup
DA:3,1
DA:25,1
DA:27,1
DA:31,0
DA:34,1
DA:35,1
DA:39,0
DA:40,0
DA:44,1
DA:48,0
DA:51,1
DA:52,1
DA:56,0
DA:57,0
DA:61,1
DA:64,1
DA:65,1
DA:67,1
LF:18
LH:12
BRDA:39,0,0,0
BRDA:39,0,1,0
BRDA:56,1,0,0
BRDA:56,1,1,0
BRF:4
BRH:0
end_of_record
TN:
SF:/home/silent/git/standalone/flappyshape/static/home/scripts/core/FlappyShape.js
FN:15,FlappyShape
FN:47,render
FNF:2
FNH:2
FNDA:2,FlappyShape
FNDA:1,render
DA:3,1
DA:19,2
DA:24,2
DA:29,2
DA:34,2
DA:37,1
DA:48,1
DA:54,1
LF:8
LH:8
BRF:0
BRH:0
end_of_record
TN:
SF:/home/silent/git/standalone/flappyshape/static/home/scripts/core/FunnyPipe.js
FN:15,FunnyPipe
FN:42,render
FNF:2
FNH:2
FNDA:1,FunnyPipe
FNDA:1,render
DA:3,1
DA:19,1
DA:24,1
DA:29,1
DA:32,1
DA:43,1
DA:49,1
LF:7
LH:7
BRF:0
BRH:0
end_of_record
TN:
SF:/home/silent/git/standalone/flappyshape/static/home/scripts/core/Game.js
FN:16,Game
FN:43,render
FNF:2
FNH:2
FNDA:1,Game
FNDA:1,render
DA:3,1
DA:5,1
DA:7,1
DA:8,1
DA:9,1
DA:17,1
DA:19,1
DA:21,1
DA:25,1
DA:29,1
DA:39,1
DA:40,1
DA:42,1
DA:46,1
DA:48,1
DA:50,1
DA:51,1
DA:54,1
DA:56,1
DA:57,1
DA:61,1
LF:21
LH:21
BRF:0
BRH:0
end_of_record
TN:
SF:/home/silent/git/standalone/flappyshape/static/home/scripts/index.js
FN:11,ontouchstart
FN:19,ontouchend
FN:26,onupdate
FN:34,onrender
FN:42,onresize
FNF:5
FNH:1
FNDA:0,ontouchstart
FNDA:0,ontouchend
FNDA:0,onupdate
FNDA:1,onrender
FNDA:0,onresize
DA:3,1
DA:4,1
DA:5,1
DA:7,1
DA:8,1
DA:10,1
DA:12,0
DA:13,0
DA:14,0
DA:18,1
DA:20,0
DA:21,0
DA:25,1
DA:27,0
DA:28,0
DA:29,0
DA:33,1
DA:35,1
DA:36,1
DA:39,1
DA:41,1
DA:43,0
LF:22
LH:13
BRDA:12,0,0,0
BRDA:12,0,1,0
BRDA:12,1,0,0
BRDA:12,1,1,0
BRDA:20,2,0,0
BRDA:20,2,1,0
BRDA:27,3,0,0
BRDA:27,3,1,0
BRF:8
BRH:0
end_of_record
TN:
SF:/home/silent/git/standalone/flappyshape/static/home/scripts/objects/renderer.js
FNF:0
FNH:0
DA:3,1
DA:4,1
DA:6,1
LF:3
LH:3
BRF:0
BRH:0
end_of_record
TN:
SF:/home/silent/git/standalone/flappyshape/static/home/scripts/objects/ticker.js
FNF:0
FNH:0
DA:3,1
DA:5,1
LF:2
LH:2
BRF:0
BRH:0
end_of_record
TN:
SF:/home/silent/git/standalone/flappyshape/static/home/scripts/objects/game.js
FNF:0
FNH:0
DA:3,1
DA:5,1
LF:2
LH:2
BRF:0
BRH:0
end_of_record
